<?xml version="1.0" encoding="UTF-8"?>
<!-- Generated by org.testng.reporters.JUnitReportReporter -->
<testsuite hostname="CHETUIWK080" name="test.LoginPageTest" tests="1" failures="0" timestamp="27 Sep 2018 09:41:05 GMT" time="38.339" errors="0">
  <testcase name="TC_001" time="38.339" classname="test.LoginPageTest"/>
</testsuite> <!-- test.LoginPageTest -->
