<?xml version="1.0" encoding="UTF-8"?>
<!-- Generated by org.testng.reporters.JUnitReportReporter -->
<testsuite hostname="CHETUIWK080" name="test.RegisterTest" tests="1" failures="0" timestamp="27 Sep 2018 10:20:08 GMT" time="34.733" errors="0">
  <testcase name="TC_001" time="34.733" classname="test.RegisterTest"/>
</testsuite> <!-- test.RegisterTest -->
