<?xml version="1.0" encoding="UTF-8"?>
<!-- Generated by org.testng.reporters.JUnitReportReporter -->
<testsuite skipped="0" hostname="CHETUIWK080" name="test.Tillcart" tests="1" failures="0" timestamp="01 Nov 2018 13:00:09 GMT" time="69.682" errors="0">
  <testcase name="buying" time="69.682" classname="test.Tillcart"/>
</testsuite> <!-- test.Tillcart -->
