<?xml version="1.0" encoding="UTF-8"?>
<!-- Generated by org.testng.reporters.JUnitReportReporter -->
<testsuite skipped="0" hostname="CHETUIWK080" name="test.Login_using_excelTest" tests="1" failures="0" timestamp="31 Oct 2018 14:15:14 GMT" time="27.110" errors="0">
  <testcase name="tc_001" time="27.110" classname="test.Login_using_excelTest"/>
</testsuite> <!-- test.Login_using_excelTest -->
