<?xml version="1.0" encoding="UTF-8"?>
<!-- Generated by org.testng.reporters.JUnitReportReporter -->
<testsuite skipped="0" hostname="CHETUIWK080" name="test.ExcelExtractionTest" tests="2" failures="0" timestamp="31 Oct 2018 18:11:00 GMT" time="32.328" errors="0">
  <testcase name="write" time="8.151" classname="test.ExcelExtractionTest"/>
  <testcase name="read_and_print" time="24.177" classname="test.ExcelExtractionTest"/>
</testsuite> <!-- test.ExcelExtractionTest -->
