<?xml version="1.0" encoding="UTF-8"?>
<!-- Generated by org.testng.reporters.JUnitReportReporter -->
<testsuite skipped="0" hostname="CHETUIWK080" name="test.Login_using_excelTest" tests="1" failures="0" timestamp="31 Oct 2018 18:13:44 GMT" time="25.862" errors="0">
  <testcase name="tc_001" time="25.862" classname="test.Login_using_excelTest"/>
</testsuite> <!-- test.Login_using_excelTest -->
