<?xml version="1.0" encoding="UTF-8"?>
<!-- Generated by org.testng.reporters.JUnitReportReporter -->
<testsuite skipped="0" hostname="CHETUIWK080" name="test.Tillcart" tests="1" failures="0" timestamp="31 Oct 2018 18:13:44 GMT" time="22.913" errors="0">
  <testcase name="buying" time="22.913" classname="test.Tillcart"/>
</testsuite> <!-- test.Tillcart -->
