<?xml version="1.0" encoding="UTF-8"?>
<!-- Generated by org.testng.reporters.JUnitReportReporter -->
<testsuite skipped="0" hostname="CHETUIWK080" name="test.ExcelExtractionTest" tests="2" failures="0" timestamp="31 Oct 2018 18:13:44 GMT" time="13.772" errors="0">
  <testcase name="write" time="6.865" classname="test.ExcelExtractionTest"/>
  <testcase name="read_and_print" time="6.907" classname="test.ExcelExtractionTest"/>
</testsuite> <!-- test.ExcelExtractionTest -->
