<?xml version="1.0" encoding="UTF-8"?>
<!-- Generated by org.testng.reporters.JUnitReportReporter -->
<testsuite skipped="0" hostname="CHETUIWK080" name="test.QuickViewTest" tests="1" failures="0" timestamp="31 Oct 2018 18:13:44 GMT" time="23.863" errors="0">
  <testcase name="QuickView" time="23.863" classname="test.QuickViewTest"/>
</testsuite> <!-- test.QuickViewTest -->
